<?xml version="1.0" encoding="UTF-8"?>
<!-- Generated by org.testng.reporters.JUnitXMLReporter -->
<testsuite ignored="0" hostname="ASUS-Aarati" failures="0" tests="4" name="Default test" time="2.519" errors="0" timestamp="2025-06-03T11:14:57 IST">
  <testcase classname="NinzaHrm.PostOperation" name="getOperation" time="1.587"/>
  <testcase classname="NinzaHrm.PostOperation" name="performCreate" time="0.731"/>
  <testcase classname="NinzaHrm.PostOperation" name="performDelete" time="0.067"/>
  <testcase classname="NinzaHrm.PostOperation" name="putOperation" time="0.077"/>
</testsuite> <!-- Default test -->
