<?xml version="1.0" encoding="UTF-8"?>
<testng-results ignored="0" total="1" passed="1" failed="0" skipped="0">
  <reporter-output>
  </reporter-output>
  <suite started-at="2026-02-28T15:38:23 IST" name="Default suite" finished-at="2026-02-28T15:38:29 IST" duration-ms="5397">
    <groups>
    </groups>
    <test started-at="2026-02-28T15:38:23 IST" name="Default test" finished-at="2026-02-28T15:38:29 IST" duration-ms="5397">
      <class name="com.Authorization.Oauth2_0Test">
        <test-method signature="sampleTest()[pri:0, instance:com.Authorization.Oauth2_0Test@2a65fe7c]" started-at="2026-02-28T15:38:23 IST" name="sampleTest" finished-at="2026-02-28T15:38:29 IST" duration-ms="5302" status="PASS">
          <reporter-output>
          </reporter-output>
        </test-method> <!-- sampleTest -->
      </class> <!-- com.Authorization.Oauth2_0Test -->
    </test> <!-- Default test -->
  </suite> <!-- Default suite -->
</testng-results>
