<?xml version="1.0" encoding="UTF-8"?>
<testng-results ignored="0" total="4" passed="4" failed="0" skipped="0">
  <reporter-output>
  </reporter-output>
  <suite started-at="2025-06-03T11:14:55 IST" name="Default suite" finished-at="2025-06-03T11:14:57 IST" duration-ms="2519">
    <groups>
    </groups>
    <test started-at="2025-06-03T11:14:55 IST" name="Default test" finished-at="2025-06-03T11:14:57 IST" duration-ms="2519">
      <class name="NinzaHrm.PostOperation">
        <test-method signature="getOperation()[pri:0, instance:NinzaHrm.PostOperation@682b2fa]" started-at="2025-06-03T11:14:55 IST" name="getOperation" finished-at="2025-06-03T11:14:56 IST" duration-ms="1587" status="PASS">
          <reporter-output>
          </reporter-output>
        </test-method> <!-- getOperation -->
        <test-method signature="performCreate()[pri:0, instance:NinzaHrm.PostOperation@682b2fa]" started-at="2025-06-03T11:14:56 IST" name="performCreate" finished-at="2025-06-03T11:14:57 IST" duration-ms="731" status="PASS">
          <reporter-output>
          </reporter-output>
        </test-method> <!-- performCreate -->
        <test-method signature="performDelete()[pri:0, instance:NinzaHrm.PostOperation@682b2fa]" started-at="2025-06-03T11:14:57 IST" name="performDelete" finished-at="2025-06-03T11:14:57 IST" duration-ms="67" status="PASS">
          <reporter-output>
          </reporter-output>
        </test-method> <!-- performDelete -->
        <test-method signature="putOperation()[pri:0, instance:NinzaHrm.PostOperation@682b2fa]" started-at="2025-06-03T11:14:57 IST" name="putOperation" finished-at="2025-06-03T11:14:57 IST" duration-ms="77" status="PASS">
          <reporter-output>
          </reporter-output>
        </test-method> <!-- putOperation -->
      </class> <!-- NinzaHrm.PostOperation -->
    </test> <!-- Default test -->
  </suite> <!-- Default suite -->
</testng-results>
