<?xml version="1.0" encoding="UTF-8"?>
<!-- Generated by org.testng.reporters.JUnitReportReporter -->
<testsuite hostname="LAPTOP-RHJ6NAIG" failures="0" tests="1" name="com.Practice.ResponseValidation.VerifyData_ComplexJsonPath" time="1.745" errors="1" timestamp="2025-04-05T15:19:32 IST" skipped="0">
  <testcase classname="com.Practice.ResponseValidation.VerifyData_ComplexJsonPath" name="sampleTest" time="1.745">
    <error message="Could not parse token starting at position 39" type="com.jayway.jsonpath.InvalidPathException">
      <![CDATA[com.jayway.jsonpath.InvalidPathException: Could not parse token starting at position 39
at com.jayway.jsonpath.internal.path.PathCompiler.fail(PathCompiler.java:642)
at com.jayway.jsonpath.internal.path.PathCompiler.readNextToken(PathCompiler.java:154)
at com.jayway.jsonpath.internal.path.PathCompiler.readFilterToken(PathCompiler.java:483)
at com.jayway.jsonpath.internal.path.PathCompiler.readNextToken(PathCompiler.java:138)
at com.jayway.jsonpath.internal.path.PathCompiler.readDotToken(PathCompiler.java:175)
at com.jayway.jsonpath.internal.path.PathCompiler.readNextToken(PathCompiler.java:143)
at com.jayway.jsonpath.internal.path.PathCompiler.readWildCardToken(PathCompiler.java:515)
at com.jayway.jsonpath.internal.path.PathCompiler.readNextToken(PathCompiler.java:137)
at com.jayway.jsonpath.internal.path.PathCompiler.readPropertyOrFunctionToken(PathCompiler.java:256)
at com.jayway.jsonpath.internal.path.PathCompiler.readNextToken(PathCompiler.java:153)
at com.jayway.jsonpath.internal.path.PathCompiler.readDotToken(PathCompiler.java:175)
at com.jayway.jsonpath.internal.path.PathCompiler.readNextToken(PathCompiler.java:143)
at com.jayway.jsonpath.internal.path.PathCompiler.readContextToken(PathCompiler.java:123)
at com.jayway.jsonpath.internal.path.PathCompiler.compile(PathCompiler.java:58)
at com.jayway.jsonpath.internal.path.PathCompiler.compile(PathCompiler.java:75)
at com.jayway.jsonpath.JsonPath.<init>(JsonPath.java:97)
at com.jayway.jsonpath.JsonPath.compile(JsonPath.java:515)
at com.jayway.jsonpath.internal.JsonContext.pathFromCache(JsonContext.java:222)
at com.jayway.jsonpath.internal.JsonContext.read(JsonContext.java:77)
at com.jayway.jsonpath.JsonPath.read(JsonPath.java:550)
at com.Practice.ResponseValidation.VerifyData_ComplexJsonPath.sampleTest(VerifyData_ComplexJsonPath.java:31)
at java.base/jdk.internal.reflect.DirectMethodHandleAccessor.invoke(DirectMethodHandleAccessor.java:103)
at java.base/java.lang.reflect.Method.invoke(Method.java:580)
at org.testng.internal.invokers.MethodInvocationHelper.invokeMethod(MethodInvocationHelper.java:141)
at org.testng.internal.invokers.TestInvoker.invokeMethod(TestInvoker.java:686)
at org.testng.internal.invokers.TestInvoker.invokeTestMethod(TestInvoker.java:230)
at org.testng.internal.invokers.MethodRunner.runInSequence(MethodRunner.java:63)
at org.testng.internal.invokers.TestInvoker$MethodInvocationAgent.invoke(TestInvoker.java:992)
at org.testng.internal.invokers.TestInvoker.invokeTestMethods(TestInvoker.java:203)
at org.testng.internal.invokers.TestMethodWorker.invokeTestMethods(TestMethodWorker.java:154)
at org.testng.internal.invokers.TestMethodWorker.run(TestMethodWorker.java:134)
at java.base/java.util.ArrayList.forEach(ArrayList.java:1597)
at org.testng.TestRunner.privateRun(TestRunner.java:739)
at org.testng.TestRunner.run(TestRunner.java:614)
at org.testng.SuiteRunner.runTest(SuiteRunner.java:421)
at org.testng.SuiteRunner.runSequentially(SuiteRunner.java:413)
at org.testng.SuiteRunner.privateRun(SuiteRunner.java:373)
at org.testng.SuiteRunner.run(SuiteRunner.java:312)
at org.testng.SuiteRunnerWorker.runSuite(SuiteRunnerWorker.java:52)
at org.testng.SuiteRunnerWorker.run(SuiteRunnerWorker.java:95)
at org.testng.TestNG.runSuitesSequentially(TestNG.java:1274)
at org.testng.TestNG.runSuitesLocally(TestNG.java:1208)
at org.testng.TestNG.runSuites(TestNG.java:1112)
at org.testng.TestNG.run(TestNG.java:1079)
at org.testng.remote.AbstractRemoteTestNG.run(AbstractRemoteTestNG.java:115)
at org.testng.remote.RemoteTestNG.initAndRun(RemoteTestNG.java:293)
at org.testng.remote.RemoteTestNG.main(RemoteTestNG.java:91)
]]>
    </error>
  </testcase> <!-- sampleTest -->
</testsuite> <!-- com.Practice.ResponseValidation.VerifyData_ComplexJsonPath -->
