<?xml version="1.0" encoding="UTF-8"?>
<!-- Generated by org.testng.reporters.JUnitReportReporter -->
<testsuite hostname="LAPTOP-RHJ6NAIG" failures="0" tests="1" name="com.Practice.ResponseValidation.VerifyResponseBodyViaJsonPath" time="3.054" errors="0" timestamp="2025-03-24T16:24:20 IST" skipped="0">
  <testcase classname="com.Practice.ResponseValidation.VerifyResponseBodyViaJsonPath" name="sampleTest" time="3.054"/>
</testsuite> <!-- com.Practice.ResponseValidation.VerifyResponseBodyViaJsonPath -->
