<?xml version="1.0" encoding="UTF-8"?>
<!-- Generated by org.testng.reporters.JUnitReportReporter -->
<testsuite hostname="LAPTOP-RHJ6NAIG" failures="0" tests="10" name="com.DDT.AddMultipleProjectUsingExcelTest" time="2.297" errors="0" timestamp="2025-03-27T15:31:44 IST" skipped="0">
  <testcase classname="com.DDT.AddMultipleProjectUsingExcelTest" name="sampleTest" time="0.063"/>
  <testcase classname="com.DDT.AddMultipleProjectUsingExcelTest" name="sampleTest" time="0.304"/>
  <testcase classname="com.DDT.AddMultipleProjectUsingExcelTest" name="sampleTest" time="0.070"/>
  <testcase classname="com.DDT.AddMultipleProjectUsingExcelTest" name="sampleTest" time="1.471"/>
  <testcase classname="com.DDT.AddMultipleProjectUsingExcelTest" name="sampleTest" time="0.066"/>
  <testcase classname="com.DDT.AddMultipleProjectUsingExcelTest" name="sampleTest" time="0.063"/>
  <testcase classname="com.DDT.AddMultipleProjectUsingExcelTest" name="sampleTest" time="0.065"/>
  <testcase classname="com.DDT.AddMultipleProjectUsingExcelTest" name="sampleTest" time="0.063"/>
  <testcase classname="com.DDT.AddMultipleProjectUsingExcelTest" name="sampleTest" time="0.067"/>
  <testcase classname="com.DDT.AddMultipleProjectUsingExcelTest" name="sampleTest" time="0.065"/>
</testsuite> <!-- com.DDT.AddMultipleProjectUsingExcelTest -->
