<?xml version="1.0" encoding="UTF-8"?>
<!-- Generated by org.testng.reporters.JUnitReportReporter -->
<testsuite hostname="LAPTOP-RHJ6NAIG" failures="0" tests="3" name="com.DDT.AddMultipleProjectTest" time="1.735" errors="0" timestamp="2025-03-27T11:52:16 IST" skipped="0">
  <testcase classname="com.DDT.AddMultipleProjectTest" name="sampleTest" time="0.069"/>
  <testcase classname="com.DDT.AddMultipleProjectTest" name="sampleTest" time="1.603"/>
  <testcase classname="com.DDT.AddMultipleProjectTest" name="sampleTest" time="0.063"/>
</testsuite> <!-- com.DDT.AddMultipleProjectTest -->
